{"level":"info","message":"[20:07:33]데이터 베이스 연결 성공","service":"general"}
{"level":"error","message":"[20:08:05]Error: /css/test.css은 없는 페이지 입니다.\n    at C:\\hamilkarr_coding\\nodejs\\express\\board\\app.js:63:17\n    at Layer.handle [as handle_request] (C:\\hamilkarr_coding\\nodejs\\express\\board\\node_modules\\express\\lib\\router\\layer.js:95:5)\n    at trim_prefix (C:\\hamilkarr_coding\\nodejs\\express\\board\\node_modules\\express\\lib\\router\\index.js:317:13)\n    at C:\\hamilkarr_coding\\nodejs\\express\\board\\node_modules\\express\\lib\\router\\index.js:284:7\n    at Function.process_params (C:\\hamilkarr_coding\\nodejs\\express\\board\\node_modules\\express\\lib\\router\\index.js:335:12)\n    at next (C:\\hamilkarr_coding\\nodejs\\express\\board\\node_modules\\express\\lib\\router\\index.js:275:10)\n    at C:\\hamilkarr_coding\\nodejs\\express\\board\\node_modules\\express\\lib\\router\\index.js:635:15\n    at next (C:\\hamilkarr_coding\\nodejs\\express\\board\\node_modules\\express\\lib\\router\\index.js:260:14)\n    at Function.handle (C:\\hamilkarr_coding\\nodejs\\express\\board\\node_modules\\express\\lib\\router\\index.js:174:3)\n    at router (C:\\hamilkarr_coding\\nodejs\\express\\board\\node_modules\\express\\lib\\router\\index.js:47:12)","service":"general"}
{"level":"error","message":"[20:08:05][404]/css/test.css은 없는 페이지 입니다.","service":"general"}
{"level":"error","message":"[20:08:06][404]/favicon.ico은 없는 페이지 입니다.","service":"general"}
{"level":"error","message":"[20:08:06]Error: /favicon.ico은 없는 페이지 입니다.\n    at C:\\hamilkarr_coding\\nodejs\\express\\board\\app.js:63:17\n    at Layer.handle [as handle_request] (C:\\hamilkarr_coding\\nodejs\\express\\board\\node_modules\\express\\lib\\router\\layer.js:95:5)\n    at trim_prefix (C:\\hamilkarr_coding\\nodejs\\express\\board\\node_modules\\express\\lib\\router\\index.js:317:13)\n    at C:\\hamilkarr_coding\\nodejs\\express\\board\\node_modules\\express\\lib\\router\\index.js:284:7\n    at Function.process_params (C:\\hamilkarr_coding\\nodejs\\express\\board\\node_modules\\express\\lib\\router\\index.js:335:12)\n    at next (C:\\hamilkarr_coding\\nodejs\\express\\board\\node_modules\\express\\lib\\router\\index.js:275:10)\n    at C:\\hamilkarr_coding\\nodejs\\express\\board\\node_modules\\express\\lib\\router\\index.js:635:15\n    at next (C:\\hamilkarr_coding\\nodejs\\express\\board\\node_modules\\express\\lib\\router\\index.js:260:14)\n    at Function.handle (C:\\hamilkarr_coding\\nodejs\\express\\board\\node_modules\\express\\lib\\router\\index.js:174:3)\n    at router (C:\\hamilkarr_coding\\nodejs\\express\\board\\node_modules\\express\\lib\\router\\index.js:47:12)","service":"general"}
{"level":"info","message":"[20:10:58]데이터 베이스 연결 성공","service":"general"}
{"level":"info","message":"[20:12:42]데이터 베이스 연결 성공","service":"general"}
{"level":"info","message":"[20:15:17]데이터 베이스 연결 성공","service":"general"}
{"level":"info","message":"[20:16:30]데이터 베이스 연결 성공","service":"general"}
{"level":"info","message":"[20:18:41]데이터 베이스 연결 성공","service":"general"}
{"level":"info","message":"[20:22:13]데이터 베이스 연결 성공","service":"general"}
{"level":"info","message":"[20:22:20]데이터 베이스 연결 성공","service":"general"}
{"level":"info","message":"[20:23:39]데이터 베이스 연결 성공","service":"general"}
{"level":"info","message":"[20:24:00]데이터 베이스 연결 성공","service":"general"}
{"level":"info","message":"[20:25:07]데이터 베이스 연결 성공","service":"general"}
{"level":"info","message":"[20:31:49]데이터 베이스 연결 성공","service":"general"}
{"level":"info","message":"[20:32:22]데이터 베이스 연결 성공","service":"general"}
{"level":"info","message":"[20:32:39]데이터 베이스 연결 성공","service":"general"}
{"level":"info","message":"[20:39:32]데이터 베이스 연결 성공","service":"general"}
{"level":"info","message":"[20:41:23]데이터 베이스 연결 성공","service":"general"}
{"level":"info","message":"[20:41:40]데이터 베이스 연결 성공","service":"general"}
{"level":"info","message":"[20:43:10]데이터 베이스 연결 성공","service":"general"}
{"level":"info","message":"[20:43:49]데이터 베이스 연결 성공","service":"general"}
{"level":"info","message":"[20:44:06]데이터 베이스 연결 성공","service":"general"}
{"level":"info","message":"[20:46:33]데이터 베이스 연결 성공","service":"general"}
{"level":"info","message":"[20:47:07]데이터 베이스 연결 성공","service":"general"}
{"level":"info","message":"[20:48:34]데이터 베이스 연결 성공","service":"general"}
{"level":"info","message":"[20:48:55]데이터 베이스 연결 성공","service":"general"}
{"level":"info","message":"[20:51:02]데이터 베이스 연결 성공","service":"general"}
{"level":"info","message":"[20:53:58]데이터 베이스 연결 성공","service":"general"}
{"level":"info","message":"[20:55:09]데이터 베이스 연결 성공","service":"general"}
{"level":"info","message":"[20:56:22]데이터 베이스 연결 성공","service":"general"}
{"level":"info","message":"[20:56:41]데이터 베이스 연결 성공","service":"general"}
{"level":"info","message":"[20:57:08]데이터 베이스 연결 성공","service":"general"}
{"level":"info","message":"[20:57:50]데이터 베이스 연결 성공","service":"general"}
{"level":"info","message":"[20:58:06]데이터 베이스 연결 성공","service":"general"}
{"level":"info","message":"[22:42:53]데이터 베이스 연결 성공","service":"general"}
