{"level":"info","message":"[18:59:24]데이터 베이스 연결 성공","service":"general"}
{"level":"info","message":"[18:59:32]데이터 베이스 연결 성공","service":"general"}
{"level":"info","message":"[19:21:24]데이터 베이스 연결 성공","service":"general"}
{"level":"error","message":"[19:21:31][404]/css/test.css은 없는 페이지 입니다.","service":"general"}
{"level":"error","message":"[19:21:31]Error: /css/test.css은 없는 페이지 입니다.\n    at D:\\hamilkarr_coding\\nodejs\\express\\board\\app.js:63:17\n    at Layer.handle [as handle_request] (D:\\hamilkarr_coding\\nodejs\\express\\board\\node_modules\\express\\lib\\router\\layer.js:95:5)\n    at trim_prefix (D:\\hamilkarr_coding\\nodejs\\express\\board\\node_modules\\express\\lib\\router\\index.js:317:13)\n    at D:\\hamilkarr_coding\\nodejs\\express\\board\\node_modules\\express\\lib\\router\\index.js:284:7\n    at Function.process_params (D:\\hamilkarr_coding\\nodejs\\express\\board\\node_modules\\express\\lib\\router\\index.js:335:12)\n    at next (D:\\hamilkarr_coding\\nodejs\\express\\board\\node_modules\\express\\lib\\router\\index.js:275:10)\n    at D:\\hamilkarr_coding\\nodejs\\express\\board\\node_modules\\express\\lib\\router\\index.js:635:15\n    at next (D:\\hamilkarr_coding\\nodejs\\express\\board\\node_modules\\express\\lib\\router\\index.js:260:14)\n    at Function.handle (D:\\hamilkarr_coding\\nodejs\\express\\board\\node_modules\\express\\lib\\router\\index.js:174:3)\n    at router (D:\\hamilkarr_coding\\nodejs\\express\\board\\node_modules\\express\\lib\\router\\index.js:47:12)","service":"general"}
{"level":"error","message":"[19:21:32][404]/favicon.ico은 없는 페이지 입니다.","service":"general"}
{"level":"error","message":"[19:21:32]Error: /favicon.ico은 없는 페이지 입니다.\n    at D:\\hamilkarr_coding\\nodejs\\express\\board\\app.js:63:17\n    at Layer.handle [as handle_request] (D:\\hamilkarr_coding\\nodejs\\express\\board\\node_modules\\express\\lib\\router\\layer.js:95:5)\n    at trim_prefix (D:\\hamilkarr_coding\\nodejs\\express\\board\\node_modules\\express\\lib\\router\\index.js:317:13)\n    at D:\\hamilkarr_coding\\nodejs\\express\\board\\node_modules\\express\\lib\\router\\index.js:284:7\n    at Function.process_params (D:\\hamilkarr_coding\\nodejs\\express\\board\\node_modules\\express\\lib\\router\\index.js:335:12)\n    at next (D:\\hamilkarr_coding\\nodejs\\express\\board\\node_modules\\express\\lib\\router\\index.js:275:10)\n    at D:\\hamilkarr_coding\\nodejs\\express\\board\\node_modules\\express\\lib\\router\\index.js:635:15\n    at next (D:\\hamilkarr_coding\\nodejs\\express\\board\\node_modules\\express\\lib\\router\\index.js:260:14)\n    at Function.handle (D:\\hamilkarr_coding\\nodejs\\express\\board\\node_modules\\express\\lib\\router\\index.js:174:3)\n    at router (D:\\hamilkarr_coding\\nodejs\\express\\board\\node_modules\\express\\lib\\router\\index.js:47:12)","service":"general"}
{"level":"info","message":"[19:39:08]데이터 베이스 연결 성공","service":"general"}
{"level":"info","message":"[19:40:28]데이터 베이스 연결 성공","service":"general"}
{"level":"info","message":"[19:43:28]데이터 베이스 연결 성공","service":"general"}
{"level":"info","message":"[19:44:17]데이터 베이스 연결 성공","service":"general"}
{"level":"info","message":"[20:03:25]데이터 베이스 연결 성공","service":"general"}
{"level":"info","message":"[20:03:30]데이터 베이스 연결 성공","service":"general"}
{"level":"info","message":"[20:08:44]데이터 베이스 연결 성공","service":"general"}
{"level":"info","message":"[20:10:01]데이터 베이스 연결 성공","service":"general"}
{"level":"info","message":"[20:11:51]데이터 베이스 연결 성공","service":"general"}
{"level":"info","message":"[20:12:47]데이터 베이스 연결 성공","service":"general"}
{"level":"info","message":"[20:12:52]데이터 베이스 연결 성공","service":"general"}
{"level":"info","message":"[20:17:55]데이터 베이스 연결 성공","service":"general"}
{"level":"info","message":"[20:18:09]데이터 베이스 연결 성공","service":"general"}
{"level":"info","message":"[20:22:58]데이터 베이스 연결 성공","service":"general"}
{"level":"info","message":"[20:24:57]데이터 베이스 연결 성공","service":"general"}
{"level":"info","message":"[20:25:26]데이터 베이스 연결 성공","service":"general"}
{"level":"info","message":"[20:25:28]데이터 베이스 연결 성공","service":"general"}
{"level":"info","message":"[20:25:40]데이터 베이스 연결 성공","service":"general"}
{"level":"info","message":"[20:26:54]데이터 베이스 연결 성공","service":"general"}
{"level":"info","message":"[20:27:36]데이터 베이스 연결 성공","service":"general"}
{"level":"info","message":"[20:28:07]데이터 베이스 연결 성공","service":"general"}
{"level":"info","message":"[20:32:55]데이터 베이스 연결 성공","service":"general"}
