{"level":"info","message":"[14:12:34]데이터 베이스 연결 성공","service":"general"}
{"level":"error","message":"[14:15:25][404]/favicon.ico은 없는 페이지 입니다.","service":"general"}
{"level":"error","message":"[14:15:25]Error: /favicon.ico은 없는 페이지 입니다.\n    at D:\\hamilkarr_coding\\nodejs\\express\\board_lecture\\app.js:69:16\n    at Layer.handle [as handle_request] (D:\\hamilkarr_coding\\nodejs\\express\\board_lecture\\node_modules\\express\\lib\\router\\layer.js:95:5)\n    at trim_prefix (D:\\hamilkarr_coding\\nodejs\\express\\board_lecture\\node_modules\\express\\lib\\router\\index.js:317:13)\n    at D:\\hamilkarr_coding\\nodejs\\express\\board_lecture\\node_modules\\express\\lib\\router\\index.js:284:7\n    at Function.process_params (D:\\hamilkarr_coding\\nodejs\\express\\board_lecture\\node_modules\\express\\lib\\router\\index.js:335:12)\n    at next (D:\\hamilkarr_coding\\nodejs\\express\\board_lecture\\node_modules\\express\\lib\\router\\index.js:275:10)\n    at D:\\hamilkarr_coding\\nodejs\\express\\board_lecture\\node_modules\\express\\lib\\router\\index.js:635:15\n    at next (D:\\hamilkarr_coding\\nodejs\\express\\board_lecture\\node_modules\\express\\lib\\router\\index.js:260:14)\n    at Function.handle (D:\\hamilkarr_coding\\nodejs\\express\\board_lecture\\node_modules\\express\\lib\\router\\index.js:174:3)\n    at router (D:\\hamilkarr_coding\\nodejs\\express\\board_lecture\\node_modules\\express\\lib\\router\\index.js:47:12)","service":"general"}
{"level":"error","message":"[14:21:17][404]/admin/main은 없는 페이지 입니다.","service":"general"}
{"level":"error","message":"[14:21:17]Error: /admin/main은 없는 페이지 입니다.\n    at D:\\hamilkarr_coding\\nodejs\\express\\board_lecture\\app.js:69:16\n    at Layer.handle [as handle_request] (D:\\hamilkarr_coding\\nodejs\\express\\board_lecture\\node_modules\\express\\lib\\router\\layer.js:95:5)\n    at trim_prefix (D:\\hamilkarr_coding\\nodejs\\express\\board_lecture\\node_modules\\express\\lib\\router\\index.js:317:13)\n    at D:\\hamilkarr_coding\\nodejs\\express\\board_lecture\\node_modules\\express\\lib\\router\\index.js:284:7\n    at Function.process_params (D:\\hamilkarr_coding\\nodejs\\express\\board_lecture\\node_modules\\express\\lib\\router\\index.js:335:12)\n    at next (D:\\hamilkarr_coding\\nodejs\\express\\board_lecture\\node_modules\\express\\lib\\router\\index.js:275:10)\n    at D:\\hamilkarr_coding\\nodejs\\express\\board_lecture\\node_modules\\express\\lib\\router\\index.js:635:15\n    at next (D:\\hamilkarr_coding\\nodejs\\express\\board_lecture\\node_modules\\express\\lib\\router\\index.js:260:14)\n    at Function.handle (D:\\hamilkarr_coding\\nodejs\\express\\board_lecture\\node_modules\\express\\lib\\router\\index.js:174:3)\n    at router (D:\\hamilkarr_coding\\nodejs\\express\\board_lecture\\node_modules\\express\\lib\\router\\index.js:47:12)","service":"general"}
{"level":"info","message":"[18:40:12]데이터 베이스 연결 성공","service":"general"}
{"level":"info","message":"[18:47:45]데이터 베이스 연결 성공","service":"general"}
{"level":"info","message":"[18:49:53]데이터 베이스 연결 성공","service":"general"}
{"level":"error","message":"[18:50:37][404]/mypage은 없는 페이지 입니다.","service":"general"}
{"level":"error","message":"[18:50:37]Error: /mypage은 없는 페이지 입니다.\n    at D:\\hamilkarr_coding\\nodejs\\express\\board_lecture\\app.js:69:16\n    at Layer.handle [as handle_request] (D:\\hamilkarr_coding\\nodejs\\express\\board_lecture\\node_modules\\express\\lib\\router\\layer.js:95:5)\n    at trim_prefix (D:\\hamilkarr_coding\\nodejs\\express\\board_lecture\\node_modules\\express\\lib\\router\\index.js:317:13)\n    at D:\\hamilkarr_coding\\nodejs\\express\\board_lecture\\node_modules\\express\\lib\\router\\index.js:284:7\n    at Function.process_params (D:\\hamilkarr_coding\\nodejs\\express\\board_lecture\\node_modules\\express\\lib\\router\\index.js:335:12)\n    at next (D:\\hamilkarr_coding\\nodejs\\express\\board_lecture\\node_modules\\express\\lib\\router\\index.js:275:10)\n    at D:\\hamilkarr_coding\\nodejs\\express\\board_lecture\\node_modules\\express\\lib\\router\\index.js:635:15\n    at next (D:\\hamilkarr_coding\\nodejs\\express\\board_lecture\\node_modules\\express\\lib\\router\\index.js:260:14)\n    at Function.handle (D:\\hamilkarr_coding\\nodejs\\express\\board_lecture\\node_modules\\express\\lib\\router\\index.js:174:3)\n    at router (D:\\hamilkarr_coding\\nodejs\\express\\board_lecture\\node_modules\\express\\lib\\router\\index.js:47:12)","service":"general"}
{"level":"error","message":"[18:50:54]Named parameter \":boardNm\" has no value in the given object.","service":"general"}
{"level":"error","message":"[18:50:54]Error: Named parameter \":boardNm\" has no value in the given object.\n    at D:\\hamilkarr_coding\\nodejs\\express\\board_lecture\\node_modules\\sequelize\\lib\\sql-string.js:121:11\n    at String.replace (<anonymous>)\n    at Object.formatNamedParameters (D:\\hamilkarr_coding\\nodejs\\express\\board_lecture\\node_modules\\sequelize\\lib\\sql-string.js:113:14)\n    at Object.formatNamedParameters (D:\\hamilkarr_coding\\nodejs\\express\\board_lecture\\node_modules\\sequelize\\lib\\utils.js:126:20)\n    at Sequelize.query (D:\\hamilkarr_coding\\nodejs\\express\\board_lecture\\node_modules\\sequelize\\lib\\sequelize.js:586:21)\n    at Object.create (D:\\hamilkarr_coding\\nodejs\\express\\board_lecture\\models\\board.js:29:23)\n    at D:\\hamilkarr_coding\\nodejs\\express\\board_lecture\\routes\\admin\\index.js:31:30\n    at Layer.handle [as handle_request] (D:\\hamilkarr_coding\\nodejs\\express\\board_lecture\\node_modules\\express\\lib\\router\\layer.js:95:5)\n    at next (D:\\hamilkarr_coding\\nodejs\\express\\board_lecture\\node_modules\\express\\lib\\router\\route.js:137:13)\n    at next (D:\\hamilkarr_coding\\nodejs\\express\\board_lecture\\node_modules\\express\\lib\\router\\route.js:131:14)","service":"general"}
{"level":"error","message":"[18:51:06][404]/admin/member은 없는 페이지 입니다.","service":"general"}
{"level":"error","message":"[18:51:06]Error: /admin/member은 없는 페이지 입니다.\n    at D:\\hamilkarr_coding\\nodejs\\express\\board_lecture\\app.js:69:16\n    at Layer.handle [as handle_request] (D:\\hamilkarr_coding\\nodejs\\express\\board_lecture\\node_modules\\express\\lib\\router\\layer.js:95:5)\n    at trim_prefix (D:\\hamilkarr_coding\\nodejs\\express\\board_lecture\\node_modules\\express\\lib\\router\\index.js:317:13)\n    at D:\\hamilkarr_coding\\nodejs\\express\\board_lecture\\node_modules\\express\\lib\\router\\index.js:284:7\n    at Function.process_params (D:\\hamilkarr_coding\\nodejs\\express\\board_lecture\\node_modules\\express\\lib\\router\\index.js:335:12)\n    at next (D:\\hamilkarr_coding\\nodejs\\express\\board_lecture\\node_modules\\express\\lib\\router\\index.js:275:10)\n    at D:\\hamilkarr_coding\\nodejs\\express\\board_lecture\\node_modules\\express\\lib\\router\\index.js:635:15\n    at next (D:\\hamilkarr_coding\\nodejs\\express\\board_lecture\\node_modules\\express\\lib\\router\\index.js:260:14)\n    at Function.handle (D:\\hamilkarr_coding\\nodejs\\express\\board_lecture\\node_modules\\express\\lib\\router\\index.js:174:3)\n    at router (D:\\hamilkarr_coding\\nodejs\\express\\board_lecture\\node_modules\\express\\lib\\router\\index.js:47:12)","service":"general"}
{"level":"info","message":"[18:52:48]데이터 베이스 연결 성공","service":"general"}
{"level":"info","message":"[18:53:12]데이터 베이스 연결 성공","service":"general"}
{"level":"info","message":"[18:53:43]데이터 베이스 연결 성공","service":"general"}
{"level":"info","message":"[18:54:15]데이터 베이스 연결 성공","service":"general"}
{"level":"info","message":"[18:55:12]데이터 베이스 연결 성공","service":"general"}
{"level":"info","message":"[18:56:52]데이터 베이스 연결 성공","service":"general"}
{"level":"info","message":"[18:59:00]데이터 베이스 연결 성공","service":"general"}
{"level":"info","message":"[19:00:39]데이터 베이스 연결 성공","service":"general"}
{"level":"info","message":"[19:00:49]데이터 베이스 연결 성공","service":"general"}
{"level":"info","message":"[19:01:58]데이터 베이스 연결 성공","service":"general"}
{"level":"info","message":"[19:03:03]데이터 베이스 연결 성공","service":"general"}
{"level":"info","message":"[19:05:22]데이터 베이스 연결 성공","service":"general"}
{"level":"info","message":"[19:06:20]데이터 베이스 연결 성공","service":"general"}
{"level":"info","message":"[19:06:54]데이터 베이스 연결 성공","service":"general"}
{"level":"info","message":"[19:09:30]데이터 베이스 연결 성공","service":"general"}
{"level":"info","message":"[19:09:53]데이터 베이스 연결 성공","service":"general"}
{"level":"info","message":"[19:15:59]데이터 베이스 연결 성공","service":"general"}
{"level":"info","message":"[19:16:33]데이터 베이스 연결 성공","service":"general"}
{"level":"info","message":"[19:17:22]데이터 베이스 연결 성공","service":"general"}
{"level":"info","message":"[19:17:46]데이터 베이스 연결 성공","service":"general"}
{"level":"info","message":"[19:18:37]데이터 베이스 연결 성공","service":"general"}
{"level":"info","message":"[19:19:35]데이터 베이스 연결 성공","service":"general"}
{"level":"info","message":"[19:20:35]데이터 베이스 연결 성공","service":"general"}
{"level":"info","message":"[19:21:30]데이터 베이스 연결 성공","service":"general"}
