{"level":"info","message":"[19:46:52]데이터 베이스 연결 성공","service":"general"}
{"level":"info","message":"[19:51:28]데이터 베이스 연결 성공","service":"general"}
{"level":"info","message":"[19:52:00]데이터 베이스 연결 성공","service":"general"}
{"level":"info","message":"[19:52:50]데이터 베이스 연결 성공","service":"general"}
{"level":"info","message":"[19:53:43]데이터 베이스 연결 성공","service":"general"}
{"level":"info","message":"[19:54:05]데이터 베이스 연결 성공","service":"general"}
{"level":"info","message":"[19:57:05]데이터 베이스 연결 성공","service":"general"}
{"level":"info","message":"[19:57:49]데이터 베이스 연결 성공","service":"general"}
{"level":"info","message":"[19:59:58]데이터 베이스 연결 성공","service":"general"}
{"level":"info","message":"[20:00:17]데이터 베이스 연결 성공","service":"general"}
{"level":"error","message":"[20:02:18]Error: /favicon.ico은 없는 페이지 입니다.\n    at C:\\hamilkarr_coding\\nodejs\\express\\board_lecture\\app.js:69:16\n    at Layer.handle [as handle_request] (C:\\hamilkarr_coding\\nodejs\\express\\board_lecture\\node_modules\\express\\lib\\router\\layer.js:95:5)\n    at trim_prefix (C:\\hamilkarr_coding\\nodejs\\express\\board_lecture\\node_modules\\express\\lib\\router\\index.js:317:13)\n    at C:\\hamilkarr_coding\\nodejs\\express\\board_lecture\\node_modules\\express\\lib\\router\\index.js:284:7\n    at Function.process_params (C:\\hamilkarr_coding\\nodejs\\express\\board_lecture\\node_modules\\express\\lib\\router\\index.js:335:12)\n    at next (C:\\hamilkarr_coding\\nodejs\\express\\board_lecture\\node_modules\\express\\lib\\router\\index.js:275:10)\n    at C:\\hamilkarr_coding\\nodejs\\express\\board_lecture\\node_modules\\express\\lib\\router\\index.js:635:15\n    at next (C:\\hamilkarr_coding\\nodejs\\express\\board_lecture\\node_modules\\express\\lib\\router\\index.js:260:14)\n    at Function.handle (C:\\hamilkarr_coding\\nodejs\\express\\board_lecture\\node_modules\\express\\lib\\router\\index.js:174:3)\n    at router (C:\\hamilkarr_coding\\nodejs\\express\\board_lecture\\node_modules\\express\\lib\\router\\index.js:47:12)","service":"general"}
{"level":"error","message":"[20:02:19][404]/favicon.ico은 없는 페이지 입니다.","service":"general"}
{"level":"info","message":"[20:05:20]데이터 베이스 연결 성공","service":"general"}
{"level":"error","message":"[20:05:21]Error: /css/board/style.css은 없는 페이지 입니다.\n    at C:\\hamilkarr_coding\\nodejs\\express\\board_lecture\\app.js:69:16\n    at Layer.handle [as handle_request] (C:\\hamilkarr_coding\\nodejs\\express\\board_lecture\\node_modules\\express\\lib\\router\\layer.js:95:5)\n    at trim_prefix (C:\\hamilkarr_coding\\nodejs\\express\\board_lecture\\node_modules\\express\\lib\\router\\index.js:317:13)\n    at C:\\hamilkarr_coding\\nodejs\\express\\board_lecture\\node_modules\\express\\lib\\router\\index.js:284:7\n    at Function.process_params (C:\\hamilkarr_coding\\nodejs\\express\\board_lecture\\node_modules\\express\\lib\\router\\index.js:335:12)\n    at next (C:\\hamilkarr_coding\\nodejs\\express\\board_lecture\\node_modules\\express\\lib\\router\\index.js:275:10)\n    at C:\\hamilkarr_coding\\nodejs\\express\\board_lecture\\node_modules\\express\\lib\\router\\index.js:635:15\n    at next (C:\\hamilkarr_coding\\nodejs\\express\\board_lecture\\node_modules\\express\\lib\\router\\index.js:260:14)\n    at Function.handle (C:\\hamilkarr_coding\\nodejs\\express\\board_lecture\\node_modules\\express\\lib\\router\\index.js:174:3)\n    at router (C:\\hamilkarr_coding\\nodejs\\express\\board_lecture\\node_modules\\express\\lib\\router\\index.js:47:12)","service":"general"}
{"level":"error","message":"[20:05:21][404]/css/board/style.css은 없는 페이지 입니다.","service":"general"}
{"level":"error","message":"[20:05:23]Error: /css/board/style.css은 없는 페이지 입니다.\n    at C:\\hamilkarr_coding\\nodejs\\express\\board_lecture\\app.js:69:16\n    at Layer.handle [as handle_request] (C:\\hamilkarr_coding\\nodejs\\express\\board_lecture\\node_modules\\express\\lib\\router\\layer.js:95:5)\n    at trim_prefix (C:\\hamilkarr_coding\\nodejs\\express\\board_lecture\\node_modules\\express\\lib\\router\\index.js:317:13)\n    at C:\\hamilkarr_coding\\nodejs\\express\\board_lecture\\node_modules\\express\\lib\\router\\index.js:284:7\n    at Function.process_params (C:\\hamilkarr_coding\\nodejs\\express\\board_lecture\\node_modules\\express\\lib\\router\\index.js:335:12)\n    at next (C:\\hamilkarr_coding\\nodejs\\express\\board_lecture\\node_modules\\express\\lib\\router\\index.js:275:10)\n    at C:\\hamilkarr_coding\\nodejs\\express\\board_lecture\\node_modules\\express\\lib\\router\\index.js:635:15\n    at next (C:\\hamilkarr_coding\\nodejs\\express\\board_lecture\\node_modules\\express\\lib\\router\\index.js:260:14)\n    at Function.handle (C:\\hamilkarr_coding\\nodejs\\express\\board_lecture\\node_modules\\express\\lib\\router\\index.js:174:3)\n    at router (C:\\hamilkarr_coding\\nodejs\\express\\board_lecture\\node_modules\\express\\lib\\router\\index.js:47:12)","service":"general"}
{"level":"error","message":"[20:05:23][404]/css/board/style.css은 없는 페이지 입니다.","service":"general"}
{"level":"error","message":"[20:20:06]Error: /board/board/list/notice은 없는 페이지 입니다.\n    at C:\\hamilkarr_coding\\nodejs\\express\\board_lecture\\app.js:69:16\n    at Layer.handle [as handle_request] (C:\\hamilkarr_coding\\nodejs\\express\\board_lecture\\node_modules\\express\\lib\\router\\layer.js:95:5)\n    at trim_prefix (C:\\hamilkarr_coding\\nodejs\\express\\board_lecture\\node_modules\\express\\lib\\router\\index.js:317:13)\n    at C:\\hamilkarr_coding\\nodejs\\express\\board_lecture\\node_modules\\express\\lib\\router\\index.js:284:7\n    at Function.process_params (C:\\hamilkarr_coding\\nodejs\\express\\board_lecture\\node_modules\\express\\lib\\router\\index.js:335:12)\n    at next (C:\\hamilkarr_coding\\nodejs\\express\\board_lecture\\node_modules\\express\\lib\\router\\index.js:275:10)\n    at C:\\hamilkarr_coding\\nodejs\\express\\board_lecture\\node_modules\\express\\lib\\router\\index.js:635:15\n    at next (C:\\hamilkarr_coding\\nodejs\\express\\board_lecture\\node_modules\\express\\lib\\router\\index.js:260:14)\n    at C:\\hamilkarr_coding\\nodejs\\express\\board_lecture\\routes\\board\\index.js:22:3\n    at Layer.handle [as handle_request] (C:\\hamilkarr_coding\\nodejs\\express\\board_lecture\\node_modules\\express\\lib\\router\\layer.js:95:5)","service":"general"}
{"level":"error","message":"[20:20:06][404]/board/board/list/notice은 없는 페이지 입니다.","service":"general"}
{"level":"error","message":"[20:20:14]Error: /board/list/notice은 없는 페이지 입니다.\n    at C:\\hamilkarr_coding\\nodejs\\express\\board_lecture\\app.js:69:16\n    at Layer.handle [as handle_request] (C:\\hamilkarr_coding\\nodejs\\express\\board_lecture\\node_modules\\express\\lib\\router\\layer.js:95:5)\n    at trim_prefix (C:\\hamilkarr_coding\\nodejs\\express\\board_lecture\\node_modules\\express\\lib\\router\\index.js:317:13)\n    at C:\\hamilkarr_coding\\nodejs\\express\\board_lecture\\node_modules\\express\\lib\\router\\index.js:284:7\n    at Function.process_params (C:\\hamilkarr_coding\\nodejs\\express\\board_lecture\\node_modules\\express\\lib\\router\\index.js:335:12)\n    at next (C:\\hamilkarr_coding\\nodejs\\express\\board_lecture\\node_modules\\express\\lib\\router\\index.js:275:10)\n    at C:\\hamilkarr_coding\\nodejs\\express\\board_lecture\\node_modules\\express\\lib\\router\\index.js:635:15\n    at next (C:\\hamilkarr_coding\\nodejs\\express\\board_lecture\\node_modules\\express\\lib\\router\\index.js:260:14)\n    at C:\\hamilkarr_coding\\nodejs\\express\\board_lecture\\routes\\board\\index.js:22:3\n    at Layer.handle [as handle_request] (C:\\hamilkarr_coding\\nodejs\\express\\board_lecture\\node_modules\\express\\lib\\router\\layer.js:95:5)","service":"general"}
{"level":"error","message":"[20:20:14][404]/board/list/notice은 없는 페이지 입니다.","service":"general"}
{"level":"error","message":"[20:20:17][404]/board/update/1은 없는 페이지 입니다.","service":"general"}
{"level":"error","message":"[20:20:17]Error: /board/update/1은 없는 페이지 입니다.\n    at C:\\hamilkarr_coding\\nodejs\\express\\board_lecture\\app.js:69:16\n    at Layer.handle [as handle_request] (C:\\hamilkarr_coding\\nodejs\\express\\board_lecture\\node_modules\\express\\lib\\router\\layer.js:95:5)\n    at trim_prefix (C:\\hamilkarr_coding\\nodejs\\express\\board_lecture\\node_modules\\express\\lib\\router\\index.js:317:13)\n    at C:\\hamilkarr_coding\\nodejs\\express\\board_lecture\\node_modules\\express\\lib\\router\\index.js:284:7\n    at Function.process_params (C:\\hamilkarr_coding\\nodejs\\express\\board_lecture\\node_modules\\express\\lib\\router\\index.js:335:12)\n    at next (C:\\hamilkarr_coding\\nodejs\\express\\board_lecture\\node_modules\\express\\lib\\router\\index.js:275:10)\n    at C:\\hamilkarr_coding\\nodejs\\express\\board_lecture\\node_modules\\express\\lib\\router\\index.js:635:15\n    at next (C:\\hamilkarr_coding\\nodejs\\express\\board_lecture\\node_modules\\express\\lib\\router\\index.js:260:14)\n    at C:\\hamilkarr_coding\\nodejs\\express\\board_lecture\\routes\\board\\index.js:22:3\n    at Layer.handle [as handle_request] (C:\\hamilkarr_coding\\nodejs\\express\\board_lecture\\node_modules\\express\\lib\\router\\layer.js:95:5)","service":"general"}
{"level":"info","message":"[20:23:48]데이터 베이스 연결 성공","service":"general"}
{"level":"info","message":"[20:24:37]데이터 베이스 연결 성공","service":"general"}
{"level":"info","message":"[20:24:47]데이터 베이스 연결 성공","service":"general"}
{"level":"info","message":"[20:25:56]데이터 베이스 연결 성공","service":"general"}
{"level":"info","message":"[20:28:10]데이터 베이스 연결 성공","service":"general"}
{"level":"info","message":"[20:28:38]데이터 베이스 연결 성공","service":"general"}
{"level":"info","message":"[20:39:42]데이터 베이스 연결 성공","service":"general"}
{"level":"info","message":"[20:40:06]데이터 베이스 연결 성공","service":"general"}
{"level":"info","message":"[20:41:12]데이터 베이스 연결 성공","service":"general"}
{"level":"info","message":"[20:47:06]데이터 베이스 연결 성공","service":"general"}
{"level":"info","message":"[20:48:14]데이터 베이스 연결 성공","service":"general"}
{"level":"info","message":"[20:49:30]데이터 베이스 연결 성공","service":"general"}
{"level":"info","message":"[20:50:06]데이터 베이스 연결 성공","service":"general"}
{"level":"info","message":"[20:50:44]데이터 베이스 연결 성공","service":"general"}
{"level":"info","message":"[20:51:24]데이터 베이스 연결 성공","service":"general"}
{"level":"info","message":"[20:52:08]데이터 베이스 연결 성공","service":"general"}
{"level":"info","message":"[21:03:48]데이터 베이스 연결 성공","service":"general"}
